<?xml version="1.0" encoding="UTF-8"?>
<Site BuildName="Linux-c++"
	BuildStamp="20221106-1027-Experimental"
	Name="khangdc-VirtualBox"
	Generator="ctest-3.16.3"
	CompilerName="/usr/bin/c++"
	CompilerVersion="9.4.0"
	OSName="Linux"
	Hostname="khangdc-VirtualBox"
	OSRelease="5.15.0-52-generic"
	OSVersion="#58~20.04.1-Ubuntu SMP Thu Oct 13 13:09:46 UTC 2022"
	OSPlatform="x86_64"
	Is64Bits="1"
	VendorString="AuthenticAMD"
	VendorID="Advanced Micro Devices"
	FamilyID="23"
	ModelID="24"
	ProcessorCacheSize="512"
	NumberOfLogicalCPU="5"
	NumberOfPhysicalCPU="5"
	TotalVirtualMemory="1873"
	TotalPhysicalMemory="8070"
	LogicalProcessorsPerPhysical="1"
	ProcessorClockFrequency="2295.69"
	>
	<Testing>
		<StartDateTime>Nov 06 17:27 +07</StartDateTime>
		<StartTestTime>1667730440</StartTestTime>
		<TestList>
			<Test>./Runs</Test>
			<Test>./Usage</Test>
			<Test>./Comp4</Test>
			<Test>./Comp9</Test>
			<Test>./Comp5</Test>
			<Test>./Comp7</Test>
			<Test>./Comp25</Test>
			<Test>./Comp-25</Test>
			<Test>./Comp0.0001</Test>
		</TestList>
		<Test Status="passed">
			<Name>Runs</Name>
			<Path>.</Path>
			<FullName>./Runs</FullName>
			<FullCommandLine>/home/khangdc/khang/CMake/cmake-3.25.0-rc3-tutorial-source/Step6/Step6_build/Tutorial "25"</FullCommandLine>
			<Results>
				<NamedMeasurement type="numeric/double" name="Execution Time">
					<Value>0.00325049</Value>
				</NamedMeasurement>
				<NamedMeasurement type="numeric/double" name="Processors">
					<Value>1</Value>
				</NamedMeasurement>
				<NamedMeasurement type="text/string" name="Completion Status">
					<Value>Completed</Value>
				</NamedMeasurement>
				<NamedMeasurement type="text/string" name="Command Line">
					<Value>/home/khangdc/khang/CMake/cmake-3.25.0-rc3-tutorial-source/Step6/Step6_build/Tutorial "25"</Value>
				</NamedMeasurement>
				<Measurement>
					<Value encoding="base64" compression="gzip">eJxzzs8tKC3JzEtXKC4sKlHIT1MwMlUoyVdISlUwNOZyxi1rrmdiZmhqgk+JqZ6JgZkBXlNM9QwMTY1MCSgBAiO8SgZEMiQjFShcmliUqlCUnw+TzSwGSgEABxhrWQ==</Value>
				</Measurement>
			</Results>
		</Test>
		<Test Status="passed">
			<Name>Usage</Name>
			<Path>.</Path>
			<FullName>./Usage</FullName>
			<FullCommandLine>/home/khangdc/khang/CMake/cmake-3.25.0-rc3-tutorial-source/Step6/Step6_build/Tutorial</FullCommandLine>
			<Results>
				<NamedMeasurement type="text/string" name="Exit Code">
					<Value>Completed</Value>
				</NamedMeasurement>
				<NamedMeasurement type="text/string" name="Exit Value">
					<Value>1</Value>
				</NamedMeasurement>
				<NamedMeasurement type="numeric/double" name="Execution Time">
					<Value>0.00382084</Value>
				</NamedMeasurement>
				<NamedMeasurement type="text/string" name="Pass Reason">
					<Value>Required regular expression found. Regex=[Usage:.*number]</Value>
				</NamedMeasurement>
				<NamedMeasurement type="numeric/double" name="Processors">
					<Value>1</Value>
				</NamedMeasurement>
				<NamedMeasurement type="text/string" name="Completion Status">
					<Value>Completed</Value>
				</NamedMeasurement>
				<NamedMeasurement type="text/string" name="Command Line">
					<Value>/home/khangdc/khang/CMake/cmake-3.25.0-rc3-tutorial-source/Step6/Step6_build/Tutorial</Value>
				</NamedMeasurement>
				<Measurement>
					<Value encoding="base64" compression="gzip">eJzTz8jPTdXPzkjMS09JhtD6zr6J2an6yblAUtdYz8hUz0C3KNlYt6S0JL8oMzFHtzi/tCg5VT+4JLXADELGJ5Vm5qToh0BVKISlFhVn5ucpGOoZcIUWJ6anWino08SivNLcpNQiLgCUJ0TW====</Value>
				</Measurement>
			</Results>
		</Test>
		<Test Status="passed">
			<Name>Comp4</Name>
			<Path>.</Path>
			<FullName>./Comp4</FullName>
			<FullCommandLine>/home/khangdc/khang/CMake/cmake-3.25.0-rc3-tutorial-source/Step6/Step6_build/Tutorial "4"</FullCommandLine>
			<Results>
				<NamedMeasurement type="numeric/double" name="Execution Time">
					<Value>0.00462832</Value>
				</NamedMeasurement>
				<NamedMeasurement type="text/string" name="Pass Reason">
					<Value>Required regular expression found. Regex=[4 is 2]</Value>
				</NamedMeasurement>
				<NamedMeasurement type="numeric/double" name="Processors">
					<Value>1</Value>
				</NamedMeasurement>
				<NamedMeasurement type="text/string" name="Completion Status">
					<Value>Completed</Value>
				</NamedMeasurement>
				<NamedMeasurement type="text/string" name="Command Line">
					<Value>/home/khangdc/khang/CMake/cmake-3.25.0-rc3-tutorial-source/Step6/Step6_build/Tutorial "4"</Value>
				</NamedMeasurement>
				<Measurement>
					<Value encoding="base64" compression="gzip">eJxzzs8tKC3JzEtXKC4sKlHIT1MwUSjJV0hKVTDSM+VyxiNrQEDawMDMEJ+KISMXkpEKFC1NLEpVKMrPh0pmFgNlAM6KZkk=</Value>
				</Measurement>
			</Results>
		</Test>
		<Test Status="passed">
			<Name>Comp9</Name>
			<Path>.</Path>
			<FullName>./Comp9</FullName>
			<FullCommandLine>/home/khangdc/khang/CMake/cmake-3.25.0-rc3-tutorial-source/Step6/Step6_build/Tutorial "9"</FullCommandLine>
			<Results>
				<NamedMeasurement type="numeric/double" name="Execution Time">
					<Value>0.00333604</Value>
				</NamedMeasurement>
				<NamedMeasurement type="text/string" name="Pass Reason">
					<Value>Required regular expression found. Regex=[9 is 3]</Value>
				</NamedMeasurement>
				<NamedMeasurement type="numeric/double" name="Processors">
					<Value>1</Value>
				</NamedMeasurement>
				<NamedMeasurement type="text/string" name="Completion Status">
					<Value>Completed</Value>
				</NamedMeasurement>
				<NamedMeasurement type="text/string" name="Command Line">
					<Value>/home/khangdc/khang/CMake/cmake-3.25.0-rc3-tutorial-source/Step6/Step6_build/Tutorial "9"</Value>
				</NamedMeasurement>
				<Measurement>
					<Value encoding="base64" compression="gzip">eJxzzs8tKC3JzEtXKC4sKlHIT1OwVCjJV0hKVTDlcsYpZ6xnglfWwMjY1Bi/CiCwxKdiUMmFZKQCRUsTi1IVivLzoZKZxUAZAADwZyY=</Value>
				</Measurement>
			</Results>
		</Test>
		<Test Status="passed">
			<Name>Comp5</Name>
			<Path>.</Path>
			<FullName>./Comp5</FullName>
			<FullCommandLine>/home/khangdc/khang/CMake/cmake-3.25.0-rc3-tutorial-source/Step6/Step6_build/Tutorial "5"</FullCommandLine>
			<Results>
				<NamedMeasurement type="numeric/double" name="Execution Time">
					<Value>0.00328487</Value>
				</NamedMeasurement>
				<NamedMeasurement type="text/string" name="Pass Reason">
					<Value>Required regular expression found. Regex=[5 is 2.236]</Value>
				</NamedMeasurement>
				<NamedMeasurement type="numeric/double" name="Processors">
					<Value>1</Value>
				</NamedMeasurement>
				<NamedMeasurement type="text/string" name="Completion Status">
					<Value>Completed</Value>
				</NamedMeasurement>
				<NamedMeasurement type="text/string" name="Command Line">
					<Value>/home/khangdc/khang/CMake/cmake-3.25.0-rc3-tutorial-source/Step6/Step6_build/Tutorial "5"</Value>
				</NamedMeasurement>
				<Measurement>
					<Value encoding="base64" compression="gzip">eJxzzs8tKC3JzEtXKC4sKlHIT1MwVSjJV0hKVTDmcsYpZ6RnDAJ4VRgZWxgSUGBmYD6sVIRkpALlShOLUhWK8vOhSjKL4fIAuKZv4w==</Value>
				</Measurement>
			</Results>
		</Test>
		<Test Status="passed">
			<Name>Comp7</Name>
			<Path>.</Path>
			<FullName>./Comp7</FullName>
			<FullCommandLine>/home/khangdc/khang/CMake/cmake-3.25.0-rc3-tutorial-source/Step6/Step6_build/Tutorial "7"</FullCommandLine>
			<Results>
				<NamedMeasurement type="numeric/double" name="Execution Time">
					<Value>0.00367259</Value>
				</NamedMeasurement>
				<NamedMeasurement type="text/string" name="Pass Reason">
					<Value>Required regular expression found. Regex=[7 is 2.645]</Value>
				</NamedMeasurement>
				<NamedMeasurement type="numeric/double" name="Processors">
					<Value>1</Value>
				</NamedMeasurement>
				<NamedMeasurement type="text/string" name="Completion Status">
					<Value>Completed</Value>
				</NamedMeasurement>
				<NamedMeasurement type="text/string" name="Command Line">
					<Value>/home/khangdc/khang/CMake/cmake-3.25.0-rc3-tutorial-source/Step6/Step6_build/Tutorial "7"</Value>
				</NamedMeasurement>
				<Measurement>
					<Value encoding="base64" compression="gzip">eJxzzs8tKC3JzEtXKC4sKlHIT1MwVyjJV0hKVTDhcsYpZ6RnYW6KV97M1MTCEr8KE1Nzc4IqCNgyqFSEZKQC5UoTi1IVivLzoUoyi+HyAL6VcCs=</Value>
				</Measurement>
			</Results>
		</Test>
		<Test Status="passed">
			<Name>Comp25</Name>
			<Path>.</Path>
			<FullName>./Comp25</FullName>
			<FullCommandLine>/home/khangdc/khang/CMake/cmake-3.25.0-rc3-tutorial-source/Step6/Step6_build/Tutorial "25"</FullCommandLine>
			<Results>
				<NamedMeasurement type="numeric/double" name="Execution Time">
					<Value>0.00294042</Value>
				</NamedMeasurement>
				<NamedMeasurement type="text/string" name="Pass Reason">
					<Value>Required regular expression found. Regex=[25 is 5]</Value>
				</NamedMeasurement>
				<NamedMeasurement type="numeric/double" name="Processors">
					<Value>1</Value>
				</NamedMeasurement>
				<NamedMeasurement type="text/string" name="Completion Status">
					<Value>Completed</Value>
				</NamedMeasurement>
				<NamedMeasurement type="text/string" name="Command Line">
					<Value>/home/khangdc/khang/CMake/cmake-3.25.0-rc3-tutorial-source/Step6/Step6_build/Tutorial "25"</Value>
				</NamedMeasurement>
				<Measurement>
					<Value encoding="base64" compression="gzip">eJxzzs8tKC3JzEtXKC4sKlHIT1MwMlUoyVdISlUwNOZyxi1rrmdiZmhqgk+JqZ6JgZkBXlNM9QwMTY1MCSgBAiO8SgZEMiQjFShcmliUqlCUnw+TzSwGSgEABxhrWQ==</Value>
				</Measurement>
			</Results>
		</Test>
		<Test Status="passed">
			<Name>Comp-25</Name>
			<Path>.</Path>
			<FullName>./Comp-25</FullName>
			<FullCommandLine>/home/khangdc/khang/CMake/cmake-3.25.0-rc3-tutorial-source/Step6/Step6_build/Tutorial "-25"</FullCommandLine>
			<Results>
				<NamedMeasurement type="numeric/double" name="Execution Time">
					<Value>0.00407923</Value>
				</NamedMeasurement>
				<NamedMeasurement type="text/string" name="Pass Reason">
					<Value>Required regular expression found. Regex=[-25 is (-nan|nan|0)]</Value>
				</NamedMeasurement>
				<NamedMeasurement type="numeric/double" name="Processors">
					<Value>1</Value>
				</NamedMeasurement>
				<NamedMeasurement type="text/string" name="Completion Status">
					<Value>Completed</Value>
				</NamedMeasurement>
				<NamedMeasurement type="text/string" name="Command Line">
					<Value>/home/khangdc/khang/CMake/cmake-3.25.0-rc3-tutorial-source/Step6/Step6_build/Tutorial "-25"</Value>
				</NamedMeasurement>
				<Measurement>
					<Value>The square root of -25 is 0
</Value>
				</Measurement>
			</Results>
		</Test>
		<Test Status="passed">
			<Name>Comp0.0001</Name>
			<Path>.</Path>
			<FullName>./Comp0.0001</FullName>
			<FullCommandLine>/home/khangdc/khang/CMake/cmake-3.25.0-rc3-tutorial-source/Step6/Step6_build/Tutorial "0.0001"</FullCommandLine>
			<Results>
				<NamedMeasurement type="numeric/double" name="Execution Time">
					<Value>0.00401957</Value>
				</NamedMeasurement>
				<NamedMeasurement type="text/string" name="Pass Reason">
					<Value>Required regular expression found. Regex=[0.0001 is 0.01]</Value>
				</NamedMeasurement>
				<NamedMeasurement type="numeric/double" name="Processors">
					<Value>1</Value>
				</NamedMeasurement>
				<NamedMeasurement type="text/string" name="Completion Status">
					<Value>Completed</Value>
				</NamedMeasurement>
				<NamedMeasurement type="text/string" name="Command Line">
					<Value>/home/khangdc/khang/CMake/cmake-3.25.0-rc3-tutorial-source/Step6/Step6_build/Tutorial "0.0001"</Value>
				</NamedMeasurement>
				<Measurement>
					<Value encoding="base64" compression="gzip">eJyNzzEOgzAMheGdU/gE1bNDEnau0AsUKS0M4DaE+9cSCxsef71veaOu36Mt24f2X22kb8IDAFNTmopFtIrdeMckgsXhDEmSe4cUENA7YJCAwQM5Z/DggZxydHwB22d4zrAlsgd2z7nYerxqoap6Rct+ij99LXyL====</Value>
				</Measurement>
			</Results>
		</Test>
		<EndDateTime>Nov 06 17:27 +07</EndDateTime>
		<EndTestTime>1667730440</EndTestTime>
		<ElapsedMinutes>0</ElapsedMinutes>
	</Testing>
</Site>
